0 info it worked if it ends with ok
1 verbose cli [ '/home/vagrant/.nvm/v0.10.32/bin/node',
1 verbose cli   '/home/vagrant/.nvm/v0.10.32/bin/npm',
1 verbose cli   '--no-bin-links',
1 verbose cli   'install' ]
2 info using npm@1.4.28
3 info using node@v0.10.32
4 verbose readDependencies using package.json deps
5 verbose install where, deps [ '/vagrant/myapp',
5 verbose install   [ 'body-parser',
5 verbose install     'cookie-parser',
5 verbose install     'debug',
5 verbose install     'express',
5 verbose install     'jade',
5 verbose install     'mkdirp',
5 verbose install     'morgan',
5 verbose install     'rimraf',
5 verbose install     'sequelize',
5 verbose install     'mysql',
5 verbose install     'serve-favicon',
5 verbose install     'strip-bom',
5 verbose install     'touch',
5 verbose install     'user-home',
5 verbose install     'win-spawn',
5 verbose install     'gulp',
5 verbose install     'gulp-ruby-sass',
5 verbose install     'gulp-nodemon',
5 verbose install     'gulp-livereload' ] ]
6 info preinstall myapp@0.0.1
7 verbose readDependencies using package.json deps
8 verbose already installed skipping serve-favicon@~2.2.0 /vagrant/myapp
9 verbose already installed skipping strip-bom@^1.0.0 /vagrant/myapp
10 verbose already installed skipping touch@0.0.3 /vagrant/myapp
11 verbose already installed skipping user-home@^1.1.1 /vagrant/myapp
12 verbose already installed skipping win-spawn@^2.0.0 /vagrant/myapp
13 verbose already installed skipping gulp@~3.8.10 /vagrant/myapp
14 verbose already installed skipping gulp-ruby-sass@~1.0.1 /vagrant/myapp
15 verbose already installed skipping gulp-nodemon@~2.0.2 /vagrant/myapp
16 verbose already installed skipping gulp-livereload@~3.8.0 /vagrant/myapp
17 verbose already installed skipping body-parser@~1.12.0 /vagrant/myapp
18 verbose already installed skipping cookie-parser@~1.3.3 /vagrant/myapp
19 verbose already installed skipping debug@~2.1.0 /vagrant/myapp
20 verbose already installed skipping express@~4.12.0 /vagrant/myapp
21 verbose already installed skipping jade@~1.9.1 /vagrant/myapp
22 verbose already installed skipping mkdirp@^0.5.0 /vagrant/myapp
23 verbose already installed skipping morgan@~1.5.0 /vagrant/myapp
24 verbose already installed skipping rimraf@^2.3.2 /vagrant/myapp
25 verbose cache add [ 'sequelize@~2.3.0', null ]
26 verbose cache add name=undefined spec="sequelize@~2.3.0" args=["sequelize@~2.3.0",null]
27 verbose parsed url { protocol: null,
27 verbose parsed url   slashes: null,
27 verbose parsed url   auth: null,
27 verbose parsed url   host: null,
27 verbose parsed url   port: null,
27 verbose parsed url   hostname: null,
27 verbose parsed url   hash: null,
27 verbose parsed url   search: null,
27 verbose parsed url   query: null,
27 verbose parsed url   pathname: 'sequelize@~2.3.0',
27 verbose parsed url   path: 'sequelize@~2.3.0',
27 verbose parsed url   href: 'sequelize@~2.3.0' }
28 verbose cache add [ 'mysql@~2.6.1', null ]
29 verbose cache add name=undefined spec="mysql@~2.6.1" args=["mysql@~2.6.1",null]
30 verbose parsed url { protocol: null,
30 verbose parsed url   slashes: null,
30 verbose parsed url   auth: null,
30 verbose parsed url   host: null,
30 verbose parsed url   port: null,
30 verbose parsed url   hostname: null,
30 verbose parsed url   hash: null,
30 verbose parsed url   search: null,
30 verbose parsed url   query: null,
30 verbose parsed url   pathname: 'mysql@~2.6.1',
30 verbose parsed url   path: 'mysql@~2.6.1',
30 verbose parsed url   href: 'mysql@~2.6.1' }
31 verbose cache add name="sequelize" spec="~2.3.0" args=["sequelize","~2.3.0"]
32 verbose parsed url { protocol: null,
32 verbose parsed url   slashes: null,
32 verbose parsed url   auth: null,
32 verbose parsed url   host: null,
32 verbose parsed url   port: null,
32 verbose parsed url   hostname: null,
32 verbose parsed url   hash: null,
32 verbose parsed url   search: null,
32 verbose parsed url   query: null,
32 verbose parsed url   pathname: '~2.3.0',
32 verbose parsed url   path: '~2.3.0',
32 verbose parsed url   href: '~2.3.0' }
33 verbose addNamed [ 'sequelize', '~2.3.0' ]
34 verbose addNamed [ null, '>=2.3.0-0 <2.4.0-0' ]
35 verbose cache add name="mysql" spec="~2.6.1" args=["mysql","~2.6.1"]
36 verbose parsed url { protocol: null,
36 verbose parsed url   slashes: null,
36 verbose parsed url   auth: null,
36 verbose parsed url   host: null,
36 verbose parsed url   port: null,
36 verbose parsed url   hostname: null,
36 verbose parsed url   hash: null,
36 verbose parsed url   search: null,
36 verbose parsed url   query: null,
36 verbose parsed url   pathname: '~2.6.1',
36 verbose parsed url   path: '~2.6.1',
36 verbose parsed url   href: '~2.6.1' }
37 verbose addNamed [ 'mysql', '~2.6.1' ]
38 verbose addNamed [ null, '>=2.6.1-0 <2.7.0-0' ]
39 silly lockFile 00524e2e-sequelize-2-3-0 sequelize@~2.3.0
40 verbose lock sequelize@~2.3.0 /home/vagrant/.npm/00524e2e-sequelize-2-3-0.lock
41 silly lockFile 611fc2ed-mysql-2-6-1 mysql@~2.6.1
42 verbose lock mysql@~2.6.1 /home/vagrant/.npm/611fc2ed-mysql-2-6-1.lock
43 silly addNameRange { name: 'sequelize',
43 silly addNameRange   range: '>=2.3.0-0 <2.4.0-0',
43 silly addNameRange   hasData: false }
44 silly addNameRange { name: 'mysql', range: '>=2.6.1-0 <2.7.0-0', hasData: false }
45 verbose request where is /sequelize
46 verbose request registry https://registry.npmjs.org/
47 verbose request id 13d6e2a617ff7965
48 verbose url raw /sequelize
49 verbose url resolving [ 'https://registry.npmjs.org/', './sequelize' ]
50 verbose url resolved https://registry.npmjs.org/sequelize
51 verbose request where is https://registry.npmjs.org/sequelize
52 info trying registry request attempt 1 at 10:40:43
53 verbose etag "AERXJ02LZJD254LNSSL2UKV77"
54 http GET https://registry.npmjs.org/sequelize
55 verbose request where is /mysql
56 verbose request registry https://registry.npmjs.org/
57 verbose url raw /mysql
58 verbose url resolving [ 'https://registry.npmjs.org/', './mysql' ]
59 verbose url resolved https://registry.npmjs.org/mysql
60 verbose request where is https://registry.npmjs.org/mysql
61 info trying registry request attempt 1 at 10:40:43
62 verbose etag "BLN6CBXZHJCVHF5EYW5FWT222"
63 http GET https://registry.npmjs.org/mysql
64 http 304 https://registry.npmjs.org/sequelize
65 silly registry.get cb [ 304,
65 silly registry.get   { date: 'Tue, 28 Apr 2015 10:40:48 GMT',
65 silly registry.get     server: 'Apache',
65 silly registry.get     via: '1.1 varnish',
65 silly registry.get     'last-modified': 'Tue, 28 Apr 2015 10:40:48 GMT',
65 silly registry.get     'cache-control': 'max-age=60',
65 silly registry.get     etag: '"AERXJ02LZJD254LNSSL2UKV77"',
65 silly registry.get     age: '47',
65 silly registry.get     'x-served-by': 'cache-fra1245-FRA',
65 silly registry.get     'x-cache': 'HIT',
65 silly registry.get     'x-cache-hits': '1',
65 silly registry.get     'x-timer': 'S1430217648.916959,VS0,VE0',
65 silly registry.get     vary: 'Accept',
65 silly registry.get     'content-length': '0',
65 silly registry.get     'keep-alive': 'timeout=10, max=50',
65 silly registry.get     connection: 'Keep-Alive' } ]
66 verbose etag https://registry.npmjs.org/sequelize from cache
67 http 304 https://registry.npmjs.org/mysql
68 silly registry.get cb [ 304,
68 silly registry.get   { date: 'Tue, 28 Apr 2015 10:40:48 GMT',
68 silly registry.get     server: 'Apache',
68 silly registry.get     via: '1.1 varnish',
68 silly registry.get     'last-modified': 'Tue, 28 Apr 2015 09:07:45 GMT',
68 silly registry.get     'cache-control': 'max-age=60',
68 silly registry.get     etag: '"BLN6CBXZHJCVHF5EYW5FWT222"',
68 silly registry.get     age: '47',
68 silly registry.get     'x-served-by': 'cache-fra1240-FRA',
68 silly registry.get     'x-cache': 'HIT',
68 silly registry.get     'x-cache-hits': '192',
68 silly registry.get     'x-timer': 'S1430217648.919427,VS0,VE0',
68 silly registry.get     vary: 'Accept',
68 silly registry.get     'content-length': '0',
68 silly registry.get     'keep-alive': 'timeout=10, max=50',
68 silly registry.get     connection: 'Keep-Alive' } ]
69 verbose etag https://registry.npmjs.org/mysql from cache
70 silly addNameRange number 2 { name: 'sequelize', range: '>=2.3.0-0 <2.4.0-0', hasData: true }
71 silly addNameRange versions [ 'sequelize',
71 silly addNameRange   [ '0.2.2',
71 silly addNameRange     '0.2.3',
71 silly addNameRange     '0.2.4',
71 silly addNameRange     '0.2.5',
71 silly addNameRange     '0.2.6',
71 silly addNameRange     '0.3.0',
71 silly addNameRange     '0.4.0',
71 silly addNameRange     '0.4.1',
71 silly addNameRange     '0.4.2',
71 silly addNameRange     '0.4.3',
71 silly addNameRange     '1.0.0',
71 silly addNameRange     '1.0.1',
71 silly addNameRange     '1.0.2',
71 silly addNameRange     '1.1.0',
71 silly addNameRange     '1.1.1',
71 silly addNameRange     '1.1.2',
71 silly addNameRange     '1.1.3',
71 silly addNameRange     '1.1.4',
71 silly addNameRange     '1.2.0',
71 silly addNameRange     '1.2.1',
71 silly addNameRange     '1.3.0',
71 silly addNameRange     '1.3.1',
71 silly addNameRange     '1.3.2',
71 silly addNameRange     '1.3.3',
71 silly addNameRange     '1.3.4',
71 silly addNameRange     '1.3.5',
71 silly addNameRange     '1.3.6',
71 silly addNameRange     '1.3.7',
71 silly addNameRange     '1.4.0',
71 silly addNameRange     '1.4.1',
71 silly addNameRange     '1.5.0-alpha',
71 silly addNameRange     '1.5.0-beta',
71 silly addNameRange     '1.5.0-beta-2',
71 silly addNameRange     '1.5.0',
71 silly addNameRange     '1.6.0-alpha-1',
71 silly addNameRange     '1.6.0-alpha-2',
71 silly addNameRange     '1.6.0-alpha-3',
71 silly addNameRange     '1.6.0-beta-1',
71 silly addNameRange     '1.6.0-beta-2',
71 silly addNameRange     '1.6.0-beta-3',
71 silly addNameRange     '1.6.0-beta4',
71 silly addNameRange     '1.6.0',
71 silly addNameRange     '1.7.0-alpha1',
71 silly addNameRange     '1.7.0-alpha2',
71 silly addNameRange     '2.0.0-alpha1',
71 silly addNameRange     '2.0.0-alpha2',
71 silly addNameRange     '1.7.0-alpha3',
71 silly addNameRange     '2.0.0-alpha3',
71 silly addNameRange     '1.7.0-beta.0',
71 silly addNameRange     '2.0.0-beta.0',
71 silly addNameRange     '1.7.0-beta.1',
71 silly addNameRange     '2.0.0-beta.1',
71 silly addNameRange     '1.7.0-beta.2',
71 silly addNameRange     '2.0.0-beta.2',
71 silly addNameRange     '1.7.0-beta.3b',
71 silly addNameRange     '2.0.0-beta.3',
71 silly addNameRange     '1.7.0-beta.4a',
71 silly addNameRange     '2.0.0-beta.4',
71 silly addNameRange     '1.7.0-beta.5',
71 silly addNameRange     '2.0.0-beta.5',
71 silly addNameRange     '1.7.0-beta6',
71 silly addNameRange     '2.0.0-beta.6',
71 silly addNameRange     '1.7.0-beta7',
71 silly addNameRange     '2.0.0-beta.7',
71 silly addNameRange     '2.0.0-beta.8',
71 silly addNameRange     '1.7.0-beta8',
71 silly addNameRange     '1.7.0-rc1',
71 silly addNameRange     '2.0.0-dev1',
71 silly addNameRange     '1.7.0-rc2',
71 silly addNameRange     '2.0.0-dev2',
71 silly addNameRange     '1.7.0-rc3',
71 silly addNameRange     '2.0.0-dev3',
71 silly addNameRange     '1.7.0-rc4',
71 silly addNameRange     '2.0.0-dev4',
71 silly addNameRange     '2.0.0-dev5',
71 silly addNameRange     '1.7.0-rc5',
71 silly addNameRange     '1.7.0-rc6',
71 silly addNameRange     '2.0.0-dev6',
71 silly addNameRange     '2.0.0-dev7',
71 silly addNameRange     '1.7.0-rc7',
71 silly addNameRange     '2.0.0-dev8',
71 silly addNameRange     '1.7.0-rc8',
71 silly addNameRange     '1.7.0-rc9',
71 silly addNameRange     '2.0.0-dev9',
71 silly addNameRange     '2.0.0-dev10',
71 silly addNameRange     '1.7.0',
71 silly addNameRange     '1.7.1',
71 silly addNameRange     '1.7.2',
71 silly addNameRange     '1.7.3',
71 silly addNameRange     '2.0.0-dev11',
71 silly addNameRange     '1.7.4',
71 silly addNameRange     '1.7.5',
71 silly addNameRange     '1.7.7',
71 silly addNameRange     '1.7.8',
71 silly addNameRange     '1.7.9',
71 silly addNameRange     '2.0.0-dev12',
71 silly addNameRange     '1.7.10',
71 silly addNameRange     '2.0.0-dev13',
71 silly addNameRange     '2.0.0-rc1',
71 silly addNameRange     '2.0.0-rc2',
71 silly addNameRange     '2.0.0-rc3',
71 silly addNameRange     '2.0.0-rc4',
71 silly addNameRange     '2.0.0-rc5',
71 silly addNameRange     '2.0.0-rc6',
71 silly addNameRange     '2.0.0-rc7',
71 silly addNameRange     '2.0.0-rc8',
71 silly addNameRange     '2.0.0',
71 silly addNameRange     '2.0.1',
71 silly addNameRange     '2.0.2',
71 silly addNameRange     '2.0.3',
71 silly addNameRange     '2.0.4',
71 silly addNameRange     '2.0.5',
71 silly addNameRange     '2.0.6',
71 silly addNameRange     '2.1.0' ] ]
72 silly lockFile 00524e2e-sequelize-2-3-0 sequelize@~2.3.0
73 silly lockFile 00524e2e-sequelize-2-3-0 sequelize@~2.3.0
74 silly addNameRange number 2 { name: 'mysql', range: '>=2.6.1-0 <2.7.0-0', hasData: true }
75 silly addNameRange versions [ 'mysql',
75 silly addNameRange   [ '0.1.0',
75 silly addNameRange     '0.2.0',
75 silly addNameRange     '0.3.0',
75 silly addNameRange     '0.4.0',
75 silly addNameRange     '0.5.0',
75 silly addNameRange     '0.6.0',
75 silly addNameRange     '0.7.0',
75 silly addNameRange     '0.8.0',
75 silly addNameRange     '0.9.0',
75 silly addNameRange     '0.9.1',
75 silly addNameRange     '0.9.2',
75 silly addNameRange     '0.9.3',
75 silly addNameRange     '0.9.4',
75 silly addNameRange     '0.9.5',
75 silly addNameRange     '0.9.6',
75 silly addNameRange     '2.0.0-alpha',
75 silly addNameRange     '2.0.0-alpha2',
75 silly addNameRange     '2.0.0-alpha3',
75 silly addNameRange     '2.0.0-alpha4',
75 silly addNameRange     '2.0.0-alpha5',
75 silly addNameRange     '2.0.0-alpha6',
75 silly addNameRange     '2.0.0-alpha7',
75 silly addNameRange     '2.0.0-alpha8',
75 silly addNameRange     '2.0.0-alpha9',
75 silly addNameRange     '2.0.0-rc1',
75 silly addNameRange     '2.0.0-rc2',
75 silly addNameRange     '2.0.0',
75 silly addNameRange     '2.0.1',
75 silly addNameRange     '2.1.0',
75 silly addNameRange     '2.1.1',
75 silly addNameRange     '2.2.0',
75 silly addNameRange     '2.3.0',
75 silly addNameRange     '2.3.1',
75 silly addNameRange     '2.3.2',
75 silly addNameRange     '2.4.0',
75 silly addNameRange     '2.4.1',
75 silly addNameRange     '2.4.2',
75 silly addNameRange     '2.4.3',
75 silly addNameRange     '2.5.0',
75 silly addNameRange     '2.5.1',
75 silly addNameRange     '2.5.2',
75 silly addNameRange     '2.5.3',
75 silly addNameRange     '2.5.4',
75 silly addNameRange     '2.5.5',
75 silly addNameRange     '2.6.0',
75 silly addNameRange     '2.6.1',
75 silly addNameRange     '2.6.2' ] ]
76 verbose addNamed [ 'mysql', '2.6.2' ]
77 verbose addNamed [ '2.6.2', '2.6.2' ]
78 silly lockFile fa97855a-mysql-2-6-2 mysql@2.6.2
79 verbose lock mysql@2.6.2 /home/vagrant/.npm/fa97855a-mysql-2-6-2.lock
80 silly lockFile fa97855a-mysql-2-6-2 mysql@2.6.2
81 silly lockFile fa97855a-mysql-2-6-2 mysql@2.6.2
82 silly lockFile 611fc2ed-mysql-2-6-1 mysql@~2.6.1
83 silly lockFile 611fc2ed-mysql-2-6-1 mysql@~2.6.1
84 error notarget No compatible version found: sequelize@'>=2.3.0-0 <2.4.0-0'
84 error notarget Valid install targets:
84 error notarget ["0.2.2","0.2.3","0.2.4","0.2.5","0.2.6","0.3.0","0.4.0","0.4.1","0.4.2","0.4.3","1.0.0","1.0.1","1.0.2","1.1.0","1.1.1","1.1.2","1.1.3","1.1.4","1.2.0","1.2.1","1.3.0","1.3.1","1.3.2","1.3.3","1.3.4","1.3.5","1.3.6","1.3.7","1.4.0","1.4.1","1.5.0-alpha","1.5.0-beta","1.5.0-beta-2","1.5.0","1.6.0-alpha-1","1.6.0-alpha-2","1.6.0-alpha-3","1.6.0-beta-1","1.6.0-beta-2","1.6.0-beta-3","1.6.0-beta4","1.6.0","1.7.0-alpha1","1.7.0-alpha2","2.0.0-alpha1","2.0.0-alpha2","1.7.0-alpha3","2.0.0-alpha3","1.7.0-beta.0","2.0.0-beta.0","1.7.0-beta.1","2.0.0-beta.1","1.7.0-beta.2","2.0.0-beta.2","1.7.0-beta.3b","2.0.0-beta.3","1.7.0-beta.4a","2.0.0-beta.4","1.7.0-beta.5","2.0.0-beta.5","1.7.0-beta6","2.0.0-beta.6","1.7.0-beta7","2.0.0-beta.7","2.0.0-beta.8","1.7.0-beta8","1.7.0-rc1","2.0.0-dev1","1.7.0-rc2","2.0.0-dev2","1.7.0-rc3","2.0.0-dev3","1.7.0-rc4","2.0.0-dev4","2.0.0-dev5","1.7.0-rc5","1.7.0-rc6","2.0.0-dev6","2.0.0-dev7","1.7.0-rc7","2.0.0-dev8","1.7.0-rc8","1.7.0-rc9","2.0.0-dev9","2.0.0-dev10","1.7.0","1.7.1","1.7.2","1.7.3","2.0.0-dev11","1.7.4","1.7.5","1.7.7","1.7.8","1.7.9","2.0.0-dev12","1.7.10","2.0.0-dev13","2.0.0-rc1","2.0.0-rc2","2.0.0-rc3","2.0.0-rc4","2.0.0-rc5","2.0.0-rc6","2.0.0-rc7","2.0.0-rc8","2.0.0","2.0.1","2.0.2","2.0.3","2.0.4","2.0.5","2.0.6","2.1.0"]
84 error notarget
84 error notarget This is most likely not a problem with npm itself.
84 error notarget In most cases you or one of your dependencies are requesting
84 error notarget a package version that doesn't exist.
85 error System Linux 3.13.0-37-generic
86 error command "/home/vagrant/.nvm/v0.10.32/bin/node" "/home/vagrant/.nvm/v0.10.32/bin/npm" "--no-bin-links" "install"
87 error cwd /vagrant/myapp
88 error node -v v0.10.32
89 error npm -v 1.4.28
90 error code ETARGET
91 verbose exit [ 1, true ]
